info  Running SUSHI v3.17.0 (implements FHIR Shorthand specification v3.0.0)
info  Arguments:
info    /Users/thome/gt/senologie/refinery/rig
info  No output path specified. Output to .
info  Using configuration file: /Users/thome/gt/senologie/refinery/rig/sushi-config.yaml
info  Importing FSH text...
info  Preprocessed 14 documents with 1 aliases.
info  Imported 7 definitions and 0 instances.
info  Loaded virtual package sushi-r5forR4#1.0.0 with 7 resources
info  Resolved hl7.fhir.uv.tools.r4#latest to concrete version 0.9.0
info  Loaded hl7.fhir.uv.tools.r4#0.9.0 with 117 resources
info  Resolved hl7.terminology.r4#latest to concrete version 7.0.1
info  Loaded hl7.terminology.r4#7.0.1 with 4096 resources
info  Resolved de.medizininformatikinitiative.kerndatensatz.onkologie#2025.0.x to concrete version 2025.0.4
info  Loaded de.medizininformatikinitiative.kerndatensatz.onkologie#2025.0.4 with 186 resources
info  Loaded hl7.fhir.r4.core#4.0.1 with 4581 resources
info  Resolved hl7.fhir.uv.extensions.r4#latest to concrete version 5.2.0
info  Loaded hl7.fhir.uv.extensions.r4#5.2.0 with 759 resources
info  Loaded virtual package sushi-local#LOCAL with 0 resources
info  Converting FSH to FHIR resources...
info  Converted 5 FHIR StructureDefinitions.
info  Converted 2 FHIR ValueSets.
info  Exporting FHIR resources as JSON...
info  Exported 7 FHIR resources as JSON.
info  Assembling Implementation Guide sources...
info  Generated ImplementationGuide-kds-senologie.json
info  Assembled Implementation Guide sources; ready for IG Publisher.

========================= SUSHI RESULTS ===========================
|  -------------------------------------------------------------  |
| |    Profiles   |  Extensions  |   Logicals   |   Resources   | |
| |-------------------------------------------------------------| |
| |       4       |      0       |      1       |       0       | |
|  -------------------------------------------------------------  |
|  -------------------------------------------------------------  |
| |      ValueSets     |    CodeSystems    |     Instances      | |
| |-------------------------------------------------------------| |
| |         2          |         0         |         0          | |
|  -------------------------------------------------------------  |
|                                                                 |
===================================================================
| Nice job! Are you hooked yet?          0 Errors      0 Warnings |
===================================================================

